[debug] [2022-09-10T13:28:54.162Z] ----------------------------------------------------------------------
[debug] [2022-09-10T13:28:54.164Z] Command:       C:\Program Files\nodejs\node.exe C:\Users\crazy\AppData\Roaming\npm\node_modules\firebase-tools\lib\bin\firebase.js emulators:start
[debug] [2022-09-10T13:28:54.165Z] CLI Version:   11.8.1
[debug] [2022-09-10T13:28:54.165Z] Platform:      win32
[debug] [2022-09-10T13:28:54.166Z] Node Version:  v16.14.2
[debug] [2022-09-10T13:28:54.166Z] Time:          Sat Sep 10 2022 08:28:54 GMT-0500 (Central Daylight Time)
[debug] [2022-09-10T13:28:54.166Z] ----------------------------------------------------------------------
[debug] 
[debug] [2022-09-10T13:28:54.288Z] > command requires scopes: ["email","openid","https://www.googleapis.com/auth/cloudplatformprojects.readonly","https://www.googleapis.com/auth/firebase","https://www.googleapis.com/auth/cloud-platform"]
[debug] [2022-09-10T13:28:54.289Z] > authorizing via signed-in user (alejandro.baldwin98@gmail.com)
[debug] [2022-09-10T13:28:54.833Z] java version "18.0.1.1" 2022-04-22

[debug] [2022-09-10T13:28:54.835Z] Java(TM) SE Runtime Environment (build 18.0.1.1+2-6)
Java HotSpot(TM) 64-Bit Server VM (build 18.0.1.1+2-6, mixed mode, sharing)

[debug] [2022-09-10T13:28:54.862Z] Parsed Java major version: 18
[info] i  emulators: Starting emulators: firestore, database, hosting {"metadata":{"emulator":{"name":"hub"},"message":"Starting emulators: firestore, database, hosting"}}
[debug] [2022-09-10T13:28:54.902Z] [hub] writing locator at C:\Users\crazy\AppData\Local\Temp\hub-executive-av-solutions.json
[debug] [2022-09-10T13:28:54.947Z] Ignoring unsupported arg: projectId {"metadata":{"emulator":{"name":"firestore"},"message":"Ignoring unsupported arg: projectId"}}
[debug] [2022-09-10T13:28:54.948Z] Ignoring unsupported arg: auto_download {"metadata":{"emulator":{"name":"firestore"},"message":"Ignoring unsupported arg: auto_download"}}
[debug] [2022-09-10T13:28:54.949Z] Starting Firestore Emulator with command {"binary":"java","args":["-Dgoogle.cloud_firestore.debug_log_level=FINE","-Duser.language=en","-jar","C:\\Users\\crazy\\.cache\\firebase\\emulators\\cloud-firestore-emulator-v1.14.4.jar","--host","localhost","--port",8080,"--rules","D:\\Projects\\executive-solutions-app\\firestore.rules"],"optionalArgs":["port","webchannel_port","host","rules","functions_emulator","seed_from_export"],"joinArgs":false} {"metadata":{"emulator":{"name":"firestore"},"message":"Starting Firestore Emulator with command {\"binary\":\"java\",\"args\":[\"-Dgoogle.cloud_firestore.debug_log_level=FINE\",\"-Duser.language=en\",\"-jar\",\"C:\\\\Users\\\\crazy\\\\.cache\\\\firebase\\\\emulators\\\\cloud-firestore-emulator-v1.14.4.jar\",\"--host\",\"localhost\",\"--port\",8080,\"--rules\",\"D:\\\\Projects\\\\executive-solutions-app\\\\firestore.rules\"],\"optionalArgs\":[\"port\",\"webchannel_port\",\"host\",\"rules\",\"functions_emulator\",\"seed_from_export\"],\"joinArgs\":false}"}}
[info] i  firestore: Firestore Emulator logging to firestore-debug.log {"metadata":{"emulator":{"name":"firestore"},"message":"Firestore Emulator logging to \u001b[1mfirestore-debug.log\u001b[22m"}}
[debug] [2022-09-10T13:28:58.106Z] >>> [apiv2][query] GET https://firebase.googleapis.com/v1beta1/projects/executive-av-solutions [none]
[debug] [2022-09-10T13:28:58.434Z] <<< [apiv2][status] GET https://firebase.googleapis.com/v1beta1/projects/executive-av-solutions 200
[debug] [2022-09-10T13:28:58.436Z] <<< [apiv2][body] GET https://firebase.googleapis.com/v1beta1/projects/executive-av-solutions {"projectId":"executive-av-solutions","projectNumber":"13629348745","displayName":"Executive AV Solutions","name":"projects/executive-av-solutions","resources":{"hostingSite":"executive-av-solutions","storageBucket":"executive-av-solutions.appspot.com","locationId":"us-east4"},"state":"ACTIVE","etag":"1_5f9d8589-7506-480c-9f02-e33dbd8d11b5"}
[debug] [2022-09-10T13:28:58.437Z] database rules config:  []
[warn] !  database: Did not find a Realtime Database rules file specified in a firebase.json config file. The emulator will default to allowing all reads and writes. Learn more about this option: https://firebase.google.com/docs/emulator-suite/install_and_configure#security_rules_configuration. {"metadata":{"emulator":{"name":"database"},"message":"Did not find a Realtime Database rules file specified in a firebase.json config file. The emulator will default to allowing all reads and writes. Learn more about this option: https://firebase.google.com/docs/emulator-suite/install_and_configure#security_rules_configuration."}}
[debug] [2022-09-10T13:28:58.456Z] Ignoring unsupported arg: projectId {"metadata":{"emulator":{"name":"database"},"message":"Ignoring unsupported arg: projectId"}}
[debug] [2022-09-10T13:28:58.457Z] Ignoring unsupported arg: auto_download {"metadata":{"emulator":{"name":"database"},"message":"Ignoring unsupported arg: auto_download"}}
[debug] [2022-09-10T13:28:58.457Z] Ignoring unsupported arg: rules {"metadata":{"emulator":{"name":"database"},"message":"Ignoring unsupported arg: rules"}}
[debug] [2022-09-10T13:28:58.458Z] Starting Database Emulator with command {"binary":"java","args":["-Duser.language=en","-jar","C:\\Users\\crazy\\.cache\\firebase\\emulators\\firebase-database-emulator-v4.8.0.jar","--host","localhost","--port",9000],"optionalArgs":["port","host","functions_emulator_port","functions_emulator_host"],"joinArgs":false} {"metadata":{"emulator":{"name":"database"},"message":"Starting Database Emulator with command {\"binary\":\"java\",\"args\":[\"-Duser.language=en\",\"-jar\",\"C:\\\\Users\\\\crazy\\\\.cache\\\\firebase\\\\emulators\\\\firebase-database-emulator-v4.8.0.jar\",\"--host\",\"localhost\",\"--port\",9000],\"optionalArgs\":[\"port\",\"host\",\"functions_emulator_port\",\"functions_emulator_host\"],\"joinArgs\":false}"}}
[info] i  database: Database Emulator logging to database-debug.log {"metadata":{"emulator":{"name":"database"},"message":"Database Emulator logging to \u001b[1mdatabase-debug.log\u001b[22m"}}
[debug] [2022-09-10T13:29:02.135Z] >>> [apiv2][query] GET https://firebasehosting.googleapis.com/v1beta1/projects/executive-av-solutions/sites 
[debug] [2022-09-10T13:29:02.518Z] <<< [apiv2][status] GET https://firebasehosting.googleapis.com/v1beta1/projects/executive-av-solutions/sites 200
[debug] [2022-09-10T13:29:02.519Z] <<< [apiv2][body] GET https://firebasehosting.googleapis.com/v1beta1/projects/executive-av-solutions/sites {"sites":[{"name":"projects/executive-av-solutions/sites/executive-av-solutions","defaultUrl":"https://executive-av-solutions.web.app","appId":"1:13629348745:web:2f2e7c19210da917a45f58","type":"DEFAULT_SITE"}]}
[debug] [2022-09-10T13:29:02.519Z] >>> [apiv2][query] GET https://firebase.googleapis.com/v1beta1/projects/executive-av-solutions/webApps/1:13629348745:web:2f2e7c19210da917a45f58/config [none]
[debug] [2022-09-10T13:29:02.817Z] <<< [apiv2][status] GET https://firebase.googleapis.com/v1beta1/projects/executive-av-solutions/webApps/1:13629348745:web:2f2e7c19210da917a45f58/config 200
[debug] [2022-09-10T13:29:02.817Z] <<< [apiv2][body] GET https://firebase.googleapis.com/v1beta1/projects/executive-av-solutions/webApps/1:13629348745:web:2f2e7c19210da917a45f58/config {"projectId":"executive-av-solutions","appId":"1:13629348745:web:2f2e7c19210da917a45f58","storageBucket":"executive-av-solutions.appspot.com","locationId":"us-east4","apiKey":"AIzaSyCrITOnpVAPcsg1J-FePLaddamQRcrIVsc","authDomain":"executive-av-solutions.firebaseapp.com","messagingSenderId":"13629348745"}
[info] i  hosting: Serving hosting files from: build {"metadata":{"emulator":{"name":"hosting"},"message":"Serving hosting files from: \u001b[1mbuild\u001b[22m"}}
[info] +  hosting: Local server: http://localhost:5000 {"metadata":{"emulator":{"name":"hosting"},"message":"Local server: \u001b[4m\u001b[1mhttp://localhost:5000\u001b[22m\u001b[24m"}}
[info] i  ui: downloading ui-v1.9.0.zip... {"metadata":{"emulator":{"name":"ui"},"message":"downloading ui-v1.9.0.zip..."}}
[debug] [2022-09-10T13:29:02.954Z] >>> [apiv2][query] GET https://storage.googleapis.com/firebase-preview-drop/emulator/ui-v1.9.0.zip 
[debug] [2022-09-10T13:29:03.067Z] <<< [apiv2][status] GET https://storage.googleapis.com/firebase-preview-drop/emulator/ui-v1.9.0.zip 200
[debug] [2022-09-10T13:29:03.068Z] <<< [apiv2][body] GET https://storage.googleapis.com/firebase-preview-drop/emulator/ui-v1.9.0.zip [stream]
[info] i  ui: Removing outdated emulator files: ui-v1.8.1 {"metadata":{"emulator":{"name":"ui"},"message":"Removing outdated emulator files: ui-v1.8.1"}}
[info] i  ui: Removing outdated emulator files: ui-v1.8.1.zip {"metadata":{"emulator":{"name":"ui"},"message":"Removing outdated emulator files: ui-v1.8.1.zip"}}
[debug] [2022-09-10T13:29:09.101Z] Ignoring unsupported arg: auto_download {"metadata":{"emulator":{"name":"ui"},"message":"Ignoring unsupported arg: auto_download"}}
[debug] [2022-09-10T13:29:09.102Z] Ignoring unsupported arg: port {"metadata":{"emulator":{"name":"ui"},"message":"Ignoring unsupported arg: port"}}
[debug] [2022-09-10T13:29:09.102Z] Starting Emulator UI with command {"binary":"node","args":["C:\\Users\\crazy\\.cache\\firebase\\emulators\\ui-v1.9.0\\server\\server.js"],"optionalArgs":[],"joinArgs":false} {"metadata":{"emulator":{"name":"ui"},"message":"Starting Emulator UI with command {\"binary\":\"node\",\"args\":[\"C:\\\\Users\\\\crazy\\\\.cache\\\\firebase\\\\emulators\\\\ui-v1.9.0\\\\server\\\\server.js\"],\"optionalArgs\":[],\"joinArgs\":false}"}}
[info] i  ui: Emulator UI logging to ui-debug.log {"metadata":{"emulator":{"name":"ui"},"message":"Emulator UI logging to \u001b[1mui-debug.log\u001b[22m"}}
[debug] [2022-09-10T13:29:09.512Z] Web / API server started at localhost:4001
 {"metadata":{"emulator":{"name":"ui"},"message":"Web / API server started at localhost:4001\n"}}
[info] 
┌─────────────────────────────────────────────────────────────┐
│ ✔  All emulators ready! It is now safe to connect your app. │
│ i  View Emulator UI at http://localhost:4001                │
└─────────────────────────────────────────────────────────────┘

┌───────────┬────────────────┬─────────────────────────────────┐
│ Emulator  │ Host:Port      │ View in Emulator UI             │
├───────────┼────────────────┼─────────────────────────────────┤
│ Firestore │ localhost:8080 │ http://localhost:4001/firestore │
├───────────┼────────────────┼─────────────────────────────────┤
│ Database  │ localhost:9000 │ http://localhost:4001/database  │
├───────────┼────────────────┼─────────────────────────────────┤
│ Hosting   │ localhost:5000 │ n/a                             │
└───────────┴────────────────┴─────────────────────────────────┘
  Emulator Hub running at localhost:4400
  Other reserved ports: 4500

Issues? Report them at https://github.com/firebase/firebase-tools/issues and attach the *-debug.log files.
 
